<?xml version="1.0" encoding="UTF-8"?>
<!-- Generated by org.testng.reporters.JUnitReportReporter -->
<testsuite skipped="0" hostname="DELL" name="testFiles.TestHomePage" tests="4" failures="0" timestamp="2021-04-03T11:39:16 IST" time="55.014" errors="0">
  <testcase name="search" time="22.532" classname="testFiles.TestHomePage"/>
  <system-out/>
  <testcase name="men" time="17.468" classname="testFiles.TestHomePage"/>
  <system-out/>
  <testcase name="women" time="7.087" classname="testFiles.TestHomePage"/>
  <system-out/>
  <testcase name="login" time="7.927" classname="testFiles.TestHomePage"/>
  <system-out/>
</testsuite> <!-- testFiles.TestHomePage -->
