<?xml version="1.0" encoding="UTF-8"?>
<!-- Generated by org.testng.reporters.JUnitReportReporter -->
<testsuite hostname="DELL" failures="0" tests="3" name="Ecommerce.myntra.TestShopPage" time="22.997" errors="0" timestamp="2020-11-01T13:21:08 IST" skipped="1">
  <testcase classname="Ecommerce.myntra.TestShopPage" name="Bags" time="13.535"/>
  <system-out/>
  <testcase classname="Ecommerce.myntra.TestShopPage" name="cart" time="9.462"/>
  <system-out/>
  <testcase classname="Ecommerce.myntra.TestShopPage" name="menTshirt">
    <skipped/>
  </testcase> <!-- menTshirt -->
  <system-out/>
</testsuite> <!-- Ecommerce.myntra.TestShopPage -->
