<?xml version="1.0" encoding="UTF-8"?>
<!-- Generated by org.testng.reporters.JUnitReportReporter -->
<testsuite hostname="DELL" failures="0" tests="4" name="Ecommerce.myntra.TestHomePage" time="54.812" errors="0" timestamp="2020-11-01T12:58:43 IST" skipped="0">
  <testcase classname="Ecommerce.myntra.TestHomePage" name="search" time="17.421"/>
  <system-out/>
  <testcase classname="Ecommerce.myntra.TestHomePage" name="men" time="20.682"/>
  <system-out/>
  <testcase classname="Ecommerce.myntra.TestHomePage" name="women" time="8.279"/>
  <system-out/>
  <testcase classname="Ecommerce.myntra.TestHomePage" name="login" time="8.430"/>
  <system-out/>
</testsuite> <!-- Ecommerce.myntra.TestHomePage -->
