<?xml version="1.0" encoding="UTF-8"?>
<!-- Generated by org.testng.reporters.JUnitReportReporter -->
<testsuite hostname="DELL" failures="0" tests="4" name="testFiles.TestHomePage" time="43.753" errors="0" timestamp="2020-11-07T16:43:48 IST" skipped="0">
  <testcase classname="testFiles.TestHomePage" name="search" time="12.025"/>
  <system-out/>
  <testcase classname="testFiles.TestHomePage" name="men" time="20.504"/>
  <system-out/>
  <testcase classname="testFiles.TestHomePage" name="women" time="5.846"/>
  <system-out/>
  <testcase classname="testFiles.TestHomePage" name="login" time="5.378"/>
  <system-out/>
</testsuite> <!-- testFiles.TestHomePage -->
