<?xml version="1.0" encoding="UTF-8"?>
<!-- Generated by org.testng.reporters.JUnitReportReporter -->
<testsuite hostname="DELL" failures="0" tests="3" name="Ecommerce.myntra.TestShopPage" time="21.615" errors="0" timestamp="2020-11-02T13:04:57 IST" skipped="1">
  <testcase classname="Ecommerce.myntra.TestShopPage" name="Bags" time="12.007"/>
  <system-out/>
  <testcase classname="Ecommerce.myntra.TestShopPage" name="cart" time="9.608"/>
  <system-out/>
  <testcase classname="Ecommerce.myntra.TestShopPage" name="menTshirt">
    <skipped/>
  </testcase> <!-- menTshirt -->
  <system-out/>
</testsuite> <!-- Ecommerce.myntra.TestShopPage -->
