<?xml version="1.0" encoding="UTF-8"?>
<!-- Generated by org.testng.reporters.JUnitReportReporter -->
<testsuite hostname="DELL" failures="0" tests="3" name="testFiles.TestShopPage" time="38.953" errors="1" timestamp="2020-11-07T16:43:47 IST" skipped="1">
  <testcase classname="testFiles.TestShopPage" name="Bags" time="26.601"/>
  <system-out/>
  <testcase classname="testFiles.TestShopPage" name="cart" time="12.352">
    <error message="expected:&lt;Let&#039;s add on...&gt; but was:&lt;There is nothing in your bag. Let&#039;s add som...&gt;" type="junit.framework.ComparisonFailure">
      <![CDATA[junit.framework.ComparisonFailure: expected:<Let's add on...> but was:<There is nothing in your bag. Let's add som...>
at junit.framework.Assert.assertEquals(Assert.java:81)
at junit.framework.Assert.assertEquals(Assert.java:87)
at testFiles.TestShopPage.cart(TestShopPage.java:108)
at java.base/jdk.internal.reflect.NativeMethodAccessorImpl.invoke0(Native Method)
at java.base/jdk.internal.reflect.NativeMethodAccessorImpl.invoke(NativeMethodAccessorImpl.java:62)
at java.base/jdk.internal.reflect.DelegatingMethodAccessorImpl.invoke(DelegatingMethodAccessorImpl.java:43)
at java.base/java.lang.reflect.Method.invoke(Method.java:567)
at org.testng.internal.MethodInvocationHelper.invokeMethod(MethodInvocationHelper.java:132)
at org.testng.internal.TestInvoker.invokeMethod(TestInvoker.java:599)
at org.testng.internal.TestInvoker.invokeTestMethod(TestInvoker.java:174)
at org.testng.internal.MethodRunner.runInSequence(MethodRunner.java:46)
at org.testng.internal.TestInvoker$MethodInvocationAgent.invoke(TestInvoker.java:822)
at org.testng.internal.TestInvoker.invokeTestMethods(TestInvoker.java:147)
at org.testng.internal.TestMethodWorker.invokeTestMethods(TestMethodWorker.java:146)
at org.testng.internal.TestMethodWorker.run(TestMethodWorker.java:128)
at java.base/java.util.concurrent.ThreadPoolExecutor.runWorker(ThreadPoolExecutor.java:1128)
at java.base/java.util.concurrent.ThreadPoolExecutor$Worker.run(ThreadPoolExecutor.java:628)
at java.base/java.lang.Thread.run(Thread.java:830)
]]>
    </error>
  </testcase> <!-- cart -->
  <system-out/>
  <testcase classname="testFiles.TestShopPage" name="menTshirt">
    <skipped/>
  </testcase> <!-- menTshirt -->
  <system-out/>
</testsuite> <!-- testFiles.TestShopPage -->
